<?xml version="1.0" encoding="UTF-8"?>
<!-- Generated by org.testng.reporters.JUnitReportReporter -->
<testsuite skipped="0" hostname="GFL06031" name="GFL.Wishes.CRM.TestCases.ProspectManagement.NewProspect.UAT_PM_NP_CP_TS01_TC01" tests="1" failures="0" timestamp="01 Aug 2019 23:51:55 GMT" time="16.757" errors="0">
  <testcase name="PM_NP_CP_TS01_TC01" time="16.757" classname="GFL.Wishes.CRM.TestCases.ProspectManagement.NewProspect.UAT_PM_NP_CP_TS01_TC01"/>
</testsuite> <!-- GFL.Wishes.CRM.TestCases.ProspectManagement.NewProspect.UAT_PM_NP_CP_TS01_TC01 -->
