<?xml version="1.0" encoding="UTF-8"?>
<!-- Generated by org.testng.reporters.JUnitReportReporter -->
<testsuite skipped="0" hostname="GFL06031" name="CRM.Prospects.UAT_PM_NP_CP_TS01_TC02" tests="1" failures="0" timestamp="08 Aug 2019 21:40:24 GMT" time="7.927" errors="0">
  <testcase name="PM_NP_CP_TS01_TC02" time="7.927" classname="CRM.Prospects.UAT_PM_NP_CP_TS01_TC02"/>
</testsuite> <!-- CRM.Prospects.UAT_PM_NP_CP_TS01_TC02 -->
