<?xml version="1.0" encoding="UTF-8"?>
<!-- Generated by org.testng.reporters.JUnitReportReporter -->
<testsuite skipped="0" hostname="GFL06031" name="GFL.Wishes.CRM.TestCases.PM_NP_CP_TS01_TC02" tests="1" failures="0" timestamp="03 Jul 2019 17:12:39 GMT" time="29.844" errors="0">
  <testcase name="PM_NP_CP_TS01_TC02_TestCase" time="29.844" classname="GFL.Wishes.CRM.TestCases.PM_NP_CP_TS01_TC02"/>
</testsuite> <!-- GFL.Wishes.CRM.TestCases.PM_NP_CP_TS01_TC02 -->
