<?xml version="1.0" encoding="UTF-8"?>
<!-- Generated by org.testng.reporters.JUnitReportReporter -->
<testsuite skipped="0" hostname="GFL06031" name="GFL.Wishes.CRM.TestCases.PM_NP_CP_TS01_TC01" tests="1" failures="0" timestamp="28 Jun 2019 15:49:00 GMT" time="3.757" errors="0">
  <testcase name="PM_NP_CP_TS01_TC01_TestCase" time="3.757" classname="GFL.Wishes.CRM.TestCases.PM_NP_CP_TS01_TC01"/>
</testsuite> <!-- GFL.Wishes.CRM.TestCases.PM_NP_CP_TS01_TC01 -->
