<?xml version="1.0" encoding="UTF-8"?>
<!-- Generated by org.testng.reporters.JUnitReportReporter -->
<testsuite skipped="0" hostname="GFL06031" name="GFL.Wishes.CRM.TestCases.ProspectManagement.NewProspect.UAT_PM_NP_CP_TS01_TC09" tests="2" failures="0" timestamp="12 Jul 2019 15:14:10 GMT" time="68.412" errors="0">
  <testcase name="PM_NP_CP_TS01_TC09" time="60.434" classname="GFL.Wishes.CRM.TestCases.ProspectManagement.NewProspect.UAT_PM_NP_CP_TS01_TC09"/>
  <testcase name="PM_NP_CP_TS01_TC09_Edited" time="7.978" classname="GFL.Wishes.CRM.TestCases.ProspectManagement.NewProspect.UAT_PM_NP_CP_TS01_TC09"/>
</testsuite> <!-- GFL.Wishes.CRM.TestCases.ProspectManagement.NewProspect.UAT_PM_NP_CP_TS01_TC09 -->
