<?xml version="1.0" encoding="UTF-8"?>
<!-- Generated by org.testng.reporters.JUnitReportReporter -->
<testsuite skipped="0" hostname="GFL06031" name="GFL.Wishes.CRM.TestCases.ProspectManagement.NewProspect.UAT_PM_NP_CP_TS01_TC03" tests="1" failures="0" timestamp="31 Jul 2019 15:36:39 GMT" time="5.843" errors="0">
  <testcase name="PM_NP_CP_TS01_TC03" time="5.843" classname="GFL.Wishes.CRM.TestCases.ProspectManagement.NewProspect.UAT_PM_NP_CP_TS01_TC03"/>
</testsuite> <!-- GFL.Wishes.CRM.TestCases.ProspectManagement.NewProspect.UAT_PM_NP_CP_TS01_TC03 -->
