<?xml version="1.0" encoding="UTF-8"?>
<!-- Generated by org.testng.reporters.JUnitReportReporter -->
<testsuite skipped="0" hostname="GFL06031" name="CRM.Sites.UAT_SM_NS_FVF_TC01" tests="1" failures="0" timestamp="23 Aug 2019 18:02:36 GMT" time="14.247" errors="0">
  <testcase name="SM_NS_FVF_TC01" time="14.247" classname="CRM.Sites.UAT_SM_NS_FVF_TC01"/>
</testsuite> <!-- CRM.Sites.UAT_SM_NS_FVF_TC01 -->
