<?xml version="1.0" encoding="UTF-8"?>
<!-- Generated by org.testng.reporters.JUnitReportReporter -->
<testsuite skipped="0" hostname="GFL06031" name="GFL.Wishes.CRM.TestCases.ProspectManagement.NewProspect.PM_NP_CP_TS01_TC01" tests="1" failures="0" timestamp="03 Jul 2019 18:48:57 GMT" time="4.338" errors="0">
  <testcase name="PM_NP_CP_TS01_TC01_TestCase" time="4.338" classname="GFL.Wishes.CRM.TestCases.ProspectManagement.NewProspect.PM_NP_CP_TS01_TC01"/>
</testsuite> <!-- GFL.Wishes.CRM.TestCases.ProspectManagement.NewProspect.PM_NP_CP_TS01_TC01 -->
