<?xml version="1.0" encoding="UTF-8"?>
<!-- Generated by org.testng.reporters.JUnitReportReporter -->
<testsuite skipped="0" hostname="GFL06031" name="GFL.Wishes.CRM.TestCases.ProspectManagement.NewProspect.UAT_PM_NP_CP_TS01_TC07" tests="1" failures="0" timestamp="31 Jul 2019 17:23:41 GMT" time="23.950" errors="0">
  <testcase name="PM_NP_CP_TS01_TC07" time="23.950" classname="GFL.Wishes.CRM.TestCases.ProspectManagement.NewProspect.UAT_PM_NP_CP_TS01_TC07"/>
</testsuite> <!-- GFL.Wishes.CRM.TestCases.ProspectManagement.NewProspect.UAT_PM_NP_CP_TS01_TC07 -->
