<?xml version="1.0" encoding="UTF-8"?>
<!-- Generated by org.testng.reporters.JUnitReportReporter -->
<testsuite skipped="0" hostname="GFL06031" name="CRM.Prospects.UAT_PM_NP_CP_TS01_TC01" tests="1" failures="0" timestamp="11 Aug 2019 03:30:14 GMT" time="5.546" errors="0">
  <testcase name="PM_NP_CP_TS01_TC01" time="5.546" classname="CRM.Prospects.UAT_PM_NP_CP_TS01_TC01"/>
</testsuite> <!-- CRM.Prospects.UAT_PM_NP_CP_TS01_TC01 -->
