<?xml version="1.0" encoding="UTF-8"?>
<!-- Generated by org.testng.reporters.JUnitReportReporter -->
<testsuite skipped="0" hostname="GFL06031" name="CRM.Prospects.UAT_PM_NP_CP_TS01_TC05" tests="1" failures="0" timestamp="05 Sep 2019 14:46:46 GMT" time="16.073" errors="0">
  <testcase name="PM_NP_CP_TS01_TC05" time="16.073" classname="CRM.Prospects.UAT_PM_NP_CP_TS01_TC05"/>
</testsuite> <!-- CRM.Prospects.UAT_PM_NP_CP_TS01_TC05 -->
