<?xml version="1.0" encoding="UTF-8"?>
<!-- Generated by org.testng.reporters.JUnitReportReporter -->
<testsuite skipped="0" hostname="GFL06031" name="CRM.Prospects.UAT_PM_NP_CP_TS01_TC07" tests="1" failures="0" timestamp="15 Aug 2019 21:26:22 GMT" time="53.015" errors="0">
  <testcase name="PM_NP_CP_TS01_TC07" time="53.015" classname="CRM.Prospects.UAT_PM_NP_CP_TS01_TC07"/>
</testsuite> <!-- CRM.Prospects.UAT_PM_NP_CP_TS01_TC07 -->
