<?xml version="1.0" encoding="UTF-8"?>
<!-- Generated by org.testng.reporters.JUnitReportReporter -->
<testsuite skipped="0" hostname="GFL06031" name="CRM.Prospects.UAT_PM_NP_CP_TS01_TC07" tests="1" failures="0" timestamp="05 Sep 2019 14:46:46 GMT" time="39.912" errors="0">
  <testcase name="PM_NP_CP_TS01_TC07" time="39.912" classname="CRM.Prospects.UAT_PM_NP_CP_TS01_TC07"/>
</testsuite> <!-- CRM.Prospects.UAT_PM_NP_CP_TS01_TC07 -->
