<?xml version="1.0" encoding="UTF-8"?>
<!-- Generated by org.testng.reporters.JUnitReportReporter -->
<testsuite skipped="0" hostname="GFL06031" name="CRM.Agreements.UAT_CSAM_CA_TS01_TC02" tests="1" failures="0" timestamp="12 Aug 2019 21:02:55 GMT" time="12.489" errors="0">
  <testcase name="CSAM_CA_TS01_TC01" time="12.489" classname="CRM.Agreements.UAT_CSAM_CA_TS01_TC02"/>
</testsuite> <!-- CRM.Agreements.UAT_CSAM_CA_TS01_TC02 -->
