<?xml version="1.0" encoding="UTF-8"?>
<!-- Generated by org.testng.reporters.JUnitReportReporter -->
<testsuite skipped="0" hostname="GFL06031" name="GFL.Wishes.CRM.TestCases.CustomerManagement.ExistingCustomer.UAT_CM_EC_ECus_TS01_TC01" tests="1" failures="0" timestamp="15 Jul 2019 15:18:44 GMT" time="8.161" errors="0">
  <testcase name="CM_EC_ECus_TS01_TC01" time="8.161" classname="GFL.Wishes.CRM.TestCases.CustomerManagement.ExistingCustomer.UAT_CM_EC_ECus_TS01_TC01"/>
</testsuite> <!-- GFL.Wishes.CRM.TestCases.CustomerManagement.ExistingCustomer.UAT_CM_EC_ECus_TS01_TC01 -->
