<?xml version="1.0" encoding="UTF-8"?>
<!-- Generated by org.testng.reporters.JUnitReportReporter -->
<testsuite skipped="0" hostname="GFL06031" name="CRM.ApprovalConditions.UAT_CAPR_APCON_TS01_TC01" tests="1" failures="0" timestamp="21 Aug 2019 19:43:10 GMT" time="82.532" errors="0">
  <testcase name="CAPR_APCON_TS01_TC01" time="82.532" classname="CRM.ApprovalConditions.UAT_CAPR_APCON_TS01_TC01"/>
</testsuite> <!-- CRM.ApprovalConditions.UAT_CAPR_APCON_TS01_TC01 -->
