<?xml version="1.0" encoding="UTF-8"?>
<!-- Generated by org.testng.reporters.JUnitReportReporter -->
<testsuite skipped="0" hostname="GFL06031" name="CRM.Prospects.UAT_PM_NP_CP_TS01_TC01" tests="1" failures="0" timestamp="26 Aug 2019 15:26:09 GMT" time="5.694" errors="0">
  <testcase name="PM_NP_CP_TS01_TC01" time="5.694" classname="CRM.Prospects.UAT_PM_NP_CP_TS01_TC01"/>
</testsuite> <!-- CRM.Prospects.UAT_PM_NP_CP_TS01_TC01 -->
