<?xml version="1.0" encoding="UTF-8"?>
<!-- Generated by org.testng.reporters.JUnitReportReporter -->
<testsuite skipped="0" hostname="GFL06031" name="CRM.Prospects.UAT_PM_NP_CP_TS01_TC09" tests="2" failures="0" timestamp="05 Sep 2019 14:46:46 GMT" time="41.549" errors="0">
  <testcase name="PM_NP_CP_TS01_TC09" time="30.212" classname="CRM.Prospects.UAT_PM_NP_CP_TS01_TC09"/>
  <testcase name="PM_NP_CP_TS01_TC09_Edited" time="11.337" classname="CRM.Prospects.UAT_PM_NP_CP_TS01_TC09"/>
</testsuite> <!-- CRM.Prospects.UAT_PM_NP_CP_TS01_TC09 -->
