<?xml version="1.0" encoding="UTF-8"?>
<!-- Generated by org.testng.reporters.JUnitReportReporter -->
<testsuite skipped="0" hostname="GFL06031" name="CRM.Customers.UAT_CM_EC_ECus_TS01_TC01" tests="1" failures="0" timestamp="14 Aug 2019 19:11:18 GMT" time="5.754" errors="0">
  <testcase name="CM_EC_ECus_TS01_TC01" time="5.754" classname="CRM.Customers.UAT_CM_EC_ECus_TS01_TC01"/>
</testsuite> <!-- CRM.Customers.UAT_CM_EC_ECus_TS01_TC01 -->
