<?xml version="1.0" encoding="UTF-8"?>
<!-- Generated by org.testng.reporters.JUnitReportReporter -->
<testsuite skipped="0" hostname="GFL06031" name="CRM.Customers.UAT_CM_EC_ECus_TS01_TC03" tests="1" failures="0" timestamp="14 Aug 2019 20:23:05 GMT" time="11.406" errors="0">
  <testcase name="CM_EC_ECus_TS01_TC03" time="11.406" classname="CRM.Customers.UAT_CM_EC_ECus_TS01_TC03"/>
</testsuite> <!-- CRM.Customers.UAT_CM_EC_ECus_TS01_TC03 -->
